0 info it worked if it ends with ok
1 verbose cli [ '/home/vagrant/.nvm/v0.10.33/bin/node',
1 verbose cli   '/home/vagrant/.nvm/v0.10.33/bin/npm',
1 verbose cli   'run',
1 verbose cli   'test' ]
2 info using npm@1.4.28
3 info using node@v0.10.33
4 verbose run-script [ 'pretest', 'test', 'posttest' ]
5 info pretest webkitgtk@1.8.5
6 info test webkitgtk@1.8.5
7 verbose unsafe-perm in lifecycle true
8 info webkitgtk@1.8.5 Failed to exec test script
9 error webkitgtk@1.8.5 test: `mocha -R spec`
9 error Exit status 3
10 error Failed at the webkitgtk@1.8.5 test script.
10 error This is most likely a problem with the webkitgtk package,
10 error not with npm itself.
10 error Tell the author that this fails on your system:
10 error     mocha -R spec
10 error You can get their info via:
10 error     npm owner ls webkitgtk
10 error There is likely additional logging output above.
11 error System Linux 3.16.0-25-generic
12 error command "/home/vagrant/.nvm/v0.10.33/bin/node" "/home/vagrant/.nvm/v0.10.33/bin/npm" "run" "test"
13 error cwd /home/vagrant/netengine/node-webkitgtk
14 error node -v v0.10.33
15 error npm -v 1.4.28
16 error code ELIFECYCLE
17 verbose exit [ 1, true ]
